[   0.000000] Linux version 4.15.0-34-generic (buildd@lgw01-amd64-047) (gcc version 7.3.0 (Ubuntu 7.3.0-16ubuntu3)) #37-Ubuntu SMP Mon Aug 27 15:21:48 UTC 2018 (Ubuntu 4.15.0-34.37-generic 4.15.18)
[    0.00000]Command line: BOOT_IMAGE=/boot/vmlinuz-4.15.0-34-generic root=LABEL=cloudimg-rootfs ro console=tty1 console=ttyS0
[    0.000000] KERNEL supported cpus:
[    0.000000]   Intel GenuineIntel
[    0.000000]   AMD AuthenticAMD
[    0.000000]   Centaur CentaurHals
[   0.000000] x86/fpu: Supporting XSAVE feature 0x001: 'x87 flating int registers'
[    0.000000] x86/fpu: Supporting XSAVE feature 0x002: 'SSE registers'
[    0.000000] x86/fpu: Supporting XSAVE feature 0x004: 'AVX registers'
[    0.000000] x86/fpu: xstate_offset[2]:  576, xstate_sizes[2]:  256
[    0.000000] x86/fpu: Enabled xstate features 0x7, context size is 832 bytes, using 'standard' format.
[    0.000000] e820: BIOS-provided physical RAM map:
[    0.000000] BIOS-e820: [mem 0x0000000000000000-0x000000000009fbff] usable
[    0.0000] BIOS-e820: [mem 0x000000000009fc00-0x000000000009ffff] reserved
[    0.000000] BIOS-e820: [mem 0x00000000000f0000-0x00000000000fffff] reserved
[    0.000000] BIOS-e820: [mem 0x0000000000100000-0x000000003ffeffff] usable
[    0.000000] BIOS-e820: [mem 0x000000003fff0000-0x000000003fffffff] ACPI data
[    0.000000] BIOS-e820: [mem 0x00000000fec00000-0x00000000fec00fff] reserved
[    0.000000] BIOS-e820: [mem 0x00000000fee00000-0x00000000fee00fff] reserved
[    0.000000] BIOS-e820: [mem 0x00000000fffc0000-0x00000000ffffffff] reserved
[    0.000000] NX (Execute Disable) protection: active
[    0.000000] SMBIOS 2.5 present.
[    0.000000] DMI: innotek GmbH VirtualBox/VirtualBox, BIOS VirtualBox 12/01/2006
[    0.000000] Hypervisor detected: KVM
[    0.000000] e820: last_pfn = 0x3fff0 max_arch_pfn = 0x400000000
[    0.000000] MTRR: Disabled
[    0.000000] x86/PAT: MTRRs disabled, skipping PAT initialization too.
[    0.000000] CPU MTRRs all blank - virtualized system.
[    0.000000] x86/PAT: Configuration [0-7]: WB  WT  UC- UC WB  WT  UC- UC  
[    0.000000] found SMP MP-table at [mem 0x0009fff0-0x0009ffff] mapped at [        (ptrval)]
[    0.000000] Scanning 1 areas for low memory corruption
[    0.000000] RAMDISK: [mem 0x35ae1000-0x36d67fff]
[    0.000000] ACPI: Early table checksum verification disabled
[    0.000000] ACPI: RSDP 0x00000000000E0000 000024 (v02 VBOX  )
[    0.000000] ACPI: XSDT 0x000000003FFF0030 00003C (v01 VBOX   VBOXXSDT 00000001 ASL  00000061)
[    0.000000] ACPI: FACP 0x000000003FFF00F0 0000F4 (v04 VBOX   VBOXFACP 00000001 ASL  00000061)
[    0.000000] ACPI: DSDT 0x000000003FFF0470 0021FF (v02 VBOX   VBOXBIOS 00000002 INTL 20100528)
[    0.000000] ACPI: FACS 0x000000003FFF0200 000040
[    0.000000] ACPI: FACS 0x000000003FFF0200 000040
[    0.000000] ACPI: APIC 0x000000003FFF0240 00005C (v02 VBOX   VBOXAPIC 00000001 ASL  00000061)
[    0.000000] ACPI: SSDT 0x000000003FFF02A0 0001CC (v01 VBOX   VBOXCPUT 00000002 INTL 20100528)
[    0.000000] No NUMA configuration found
[    0.000000] Faking a node at [mem 0x0000000000000000-0x000000003ffeffff]
[    0.000000] NODE_DATA(0) allocated [mem 0x3ffc5000-0x3ffeffff]
[    0.000000] kvm-clock: cpu 0, msr 0:3ff44001, primary cpu clock
[    0.000000] kvm-clock: Using msrs 4b564d01 and 4b564d00
[    0.000000] kvm-clck: using sched offset of 3369404552 cycles
[    0.000000] clocksource: kvm-clock: mask: 0xffffffffffffffff max_cycles: 0x1cd42e4dffb, max_idle_ns: 881590591483 ns
[    0.000000] Zone ranges:
[    0.000000]   DMA      [mem 0x0000000000001000-0x0000000000ffffff]
[    0.000000]   DMA32   [me0x0000000001000000x000000003ffeffff]
[    0.000000]   Normal   empty
[    0.000000]   Device   empty
[    0.000000] Movable zone start for each node
[    0.000000] Early memory node ranges
[    0.000000]   node   0: [mem 0x0000000000001000-0x000000000009efff]
[    0.000000]   node   0: [mem 0x0000000000100000-0x000000003ffeffff]
[    0.000000] Initmem setup node 0 [mem 0x0000000000001000-0x00000003ffefff]
[   0.000000] Reserved but unavailable: 98 pages
[    0.000000] ACPI: PM-Timer IO Port: 0x4008
[    0.000000] IOAPIC[0]: apic_id 2, version 32, address 0xfec00000, GSI 0-23
[    0.000000] ACPI: INT_SRC_OVR (bus 0 bus_irq glol_irq 2 dfl dfl)
[    0.000000] ACPI: INT_SRC_OVR (bus 0 bus_irq 9 global_irq 9 low level)
[    0.000000] Using ACPI (MADT) for SMP configuration information
[    0.000000] smpboot: Allowing 2 CPUs, 0 hotplug CPUs
[    0.000000] PM: Registered nosave memory: [mem 0x00000000-0x00000fff]
[    0.000000] PM: Registered nosave memory: [mem 0x0009f000-0x0009ffff]
[    0.000000] PM: Registered nosave memory: [mem 0x000a0000-0x000effff]
[    0.000000] PM: Registered nosave memory: [mem 0x000f0000-0x000fffff]
[    0.000000] e820: [mem 0x40000000-0xfebfffff] available for PCI devices
[    0.000000] Booting paravirtualized kernel on KVM
[    0.000000] clocksource: refined-jiffies: mask: 0xffffffff max_cycles: 0xffffffff, max_idle_ns: 7645519600211568 ns
[    0.000000] random: get_random_bytes called from start_kernel+0x99/0x4fd with crng_init=0
[    0.000000] setup_percpu: NR_CPUS:8192 nr_cpumask_bits:2 nr_cpu_ids:2 nr_node_ids:1
[    0.000000] percpu: Embedded 46 pages/cpu @        (ptrval) s151552 r8192 d28672 u1048576
[    0.000000] PV qspinlock hash table entries: 256 (order: 0, 4096 bytes)
[    0.000000] Built 1 zonelists, mobility grouping on.  Total pages: 257913
[    0.000000] Policy zone: DMA32
[    0.0000] Kernel command line: BOOT_IMAGE=/boot/vmlinuz-4.15.0-34-generic root=LABEL=cloudimg-rootfs ro console=tty1 console=ttyS0
[    0.000000] Memory: 983612K/1048120K available (12300K kernel code, 2471K rwdata, 4244K rodata, 2408K init, 2416K bss, 64508K reserved, 0K cma-reserved)
[    0.000000] SLUB: HWalign=64, Order=0-3, MinObjects=0, CPUs=2, Nodes=1
[    0.000000] Kernel/User page tables isolation: enabled
[    0.000000] ftrace: allocating 39147 entries in 153 pages
[    0.004000] Hierarchical RCU implementation.
[    0.004000] 	RCU restricting CPUs from NR_CPUS=8192 to nr_cpu_ids=2.
[    0.004000] 	Tasks RCU enabled.
[    0.004000] RCU: Adjusting geometry for rcu_fanout_leaf=16, nr_cpu_ids=2
[    0.004000] NR_IRQS: 524544, nr_irqs: 440, preallocated irqs: 16
[    0.004000] Console: colour VGA+ 80x25
[    0.004000] console [tty1] enabled
[    0.004000] console [ttyS0] enabled
[    0.004000] ACPI: Core revision 20170831
[    0.004000] ACPI: 2 ACPI AML tables successfully acquired and loaded
[    0.004000] APIC: Switch to symmetric I/O mode setup
[    0.004000] x2apic enabled
[    0.004000] Switched APIC routngto physical x2apic.
[    0.008176] ..TIMER: vector=0x30 apic1=0 pin1=2 apic2=-1 pin2=-1
[    0.012001] tsc: Detected 3499.994 MHz processor
[    0.012581] Calibrating delay loop (skipped) preset value.. 6999.98 BogoMIPS (lpj=13999976)
[    0.013055] pid_max: default: 32768 minimum: 301
[    0.013621] Security Framework initialized
[    0.014115] Yama: becoming mindful.
[    0.014567] AppArmor: AppArmor initialized
[    0.015474] Dentry cache hash table entries: 131072 (order: 8, 1048576 bytes)
[    0.016038] Inode-cache hash table entries: 65536 (order: 7, 524288 bytes)
[    0.016835] Mount-cache hash table entries: 2048 (order: 2, 16384 bytes)
[    0.017617] Mountpoint-cache hash table entries: 2048 (order: 2, 16384 bytes)
[    0.020348] mce: CPU supports 0 MCE banks
[    0.024012] Last level iTLB entries: 4KB 1024, 2MB 1024, 4MB 1024
[    0.024791] Last level dTLB entries: 4KB 1024, 2MB 1024, 4MB 1024, 1GB 4
[    0.028002] Spectre V2 : Mitigation: Full generic retpoline
[    0.032004] Speculative Store Bypass: Vulnerable
[    0.032663] Freeing SMP alternatives memory: 36K
[    0.040000] APIC calibration not consistent with PM-Timer: 98ms instead of 100ms
[    0.040000] APIC delta adjusted to PM-Timer: 6254414 (6174058)
[    0.040045] smpboot: CPU0: Intel(R) Core(TM) i7-4770K CPU @ 3.50GHz (family: 0x6, model: 0x3c, stepping: 0x3)
[    0.041218] Performance Events: unsupported p6 CPU model 60 no PMU driver, software events only.
[    0.042254] Hierarchical SRCU implementation.
[    0.044445] NMI watchdog: Perf event create on CPU 0 failed with -2
[    0.048002] NMI watchdog: Perf NMI watchdog permanently disabled
[    0.048757] smp: Bringing up secondary CPUs ...
[    0.049376] x86: Booting SMP configuration:
[    0.049898] .... node  #0, CPUs:      #1
[    0.004000] kvm-clock: cpu 1, msr 0:3ff44041, secondary cpu clock
[    0.004000] mce: CPU supports 0 MCE banks
[    0.054626] smp: Brought up 1 node, 2 CPUs
[    0.056004] smpboot: Max logical packages: 1
[    0.056527] smpboot: Total of 2 processors activated (13999.97 BogoMIPS)
[    0.057380] devtmpfs: initialized
[    0.057380] x86/mm: Memory block size: 128MB
[    0.057380] evm: security.selinux
[    0.060002] evm: security.SMACK64
[    0.060449] evm: security.SMACK64EXEC
[    0.060888] evm: security.SMACK64TRANSMUTE
[    0.061382] evm: security.SMACK64MMAP
[    0.061854] evm: security.apparmor
[    0.062267] evm: security.ima
[    0.062665] evm: security.capability
[    0.063118] clocksource: jiffies: mask: 0xffffffff max_cycles: 0xffffffff, max_idle_ns: 7645041785100000 ns
[    0.064006] futex hash table entries: 512 (order: 3, 32768 bytes)
[    0.068047] pinctrl core: initialized pinctrl subsystem
[    0.069041] RTC time:  5:35:38, date: 09/25/18
[    0.069759] NET: Registered protocol family 16
[    0.070339] audit: initializing netlink subsys (disabled)
[    0.072028] audit: type=2000 audit(1537853742.206:1): state=initialized audit_enabled=0 res=1
[    0.073017] cpuidle: using governor ladder
[    0.073725] cpuidle: using governor menu
[    0.074243] ACPI: bus type PCI registered
[    0.076003] acpiphp: ACPI Hot Plug PCI Controller Driver version: 0.5
[    0.076834] PCI: Using configuration type 1 for base access
[    0.077528] HugeTLB registered 2.00 MiB page size, pre-allocated 0 pages
[    0.080076] ACPI: Added _OSI(Module Device)
[    0.080604] ACPI: Added _OSI(Processor Device)
[    0.081120] ACPI: Added _OSI(3.0 _SCP Extensions)
[    0.081701] ACPI: Added _OSI(Processor Aggregator Device)
[    0.082324] ACPI: Added _OSI(Linux-Dell-Video)
[    0.082881] ACPI: Added _OSI(Linux-Lenovo-NV-HDMI-Audio)
[    0.083697] ACPI: Executed 1 blocks of module-level executable AML code
[    0.086589] ACPI: Interpreter enabled
[    0.087089] ACPI: (supports S0 S5)
[    0.087503] ACPI: Using IOAPIC for interrupt routing
[    0.088170] PCI: Using host bridge windows from ACPI; if necessary, use "pci=nocrs" and report a bug
[    0.089404] ACPI: Enabled 2 GPEs in block 00 to 07
[    0.096391] ACPI: PCI Root Bridge [PCI0] (domain 0000 [bus 00-ff])
[    0.100017] acpi PNP0A03:00: _OSC: OS supports [ASPM ClockPM Segments MSI]
[    0.104024] acpi PNP0A03:00: _OSC: not requesting OS control; OS requires [ExtendedConfig ASPM ClockPM MSI]
[    0.105158] acpi PNP0A03:00: fail to add MMCONFIG information, can't access extended PCI configuration space under this bridge.
[    0.106773] PCI host bridge to bus 0000:00
[    0.107305] pci_bus 0000:00: root bus resource [io  0x0000-0x0cf7 window]
[    0.108002] pci_bus 0000:00: root bus resource [io  0x0d00-0xffff window]
[    0.108811] pci_bus 0000:00: root bus resource [mem 0x000a0000-0x000bffff window]
[    0.109720] pci_bus 0000:00: root bus resource [mem 0x40000000-0xfdffffff window]
[    0.110633] pci_bus 0000:00: root bus resource [bus 00-ff]
[    0.113170] pci 0000:00:01.1: legacy IDE quirk: reg 0x10: [io  0x01f0-0x01f7]
[    0.115905] pci 0000:00:01.1: legacy IDE quirk: reg 0x14: [io  0x03f6]
[    0.116002] pci 0000:00:01.1: legacy IDE quirk: reg 0x18: [io  0x0170-0x0177]
[    0.116828] pci 0000:00:01.1: legacy IDE quirk: reg 0x1c: [io  0x0376]
[    0.128965] pci 0000:00:07.0: quirk: [io  0x4000-0x403f] claimed by PIIX4 ACPI
[    0.129890] pci 0000:00:07.0: quirk: [io  0x4100-0x410f] claimed by PIIX4 SMB
[    0.133956] ACPI: PCI Interrupt Link [LNKA] (IRQs 5 9 10 *11)
[    0.136242] ACPI: PCI Interrupt Link [LNKB] (IRQs 5 9 *10 11)
[    0.137032] ACPI: PCI Interrupt Link [LNKC] (IRQs 5 *9 10 11)
[    0.137801] ACPI: PCI Interrupt Link [LNKD] (IRQs 5 9 10 *11)
[    0.140254] SCSI subsystem initialized
[    0.140761] pci 0000:00:02.0: vgaarb: setting as boot VGA device
[    0.140761] pci 0000:00:02.0: vgaarb: VGA device added: decodes=io+mem,owns=io+mem,locks=none
[    0.141730] pci 0000:00:02.0: vgaarb: bridge control possible
[    0.142393] vgaarb: loaded
[    0.144028] ACPI: bus type USB registered
[    0.148046] usbcore: registered new interface driver usbfs
[    0.152025] usbcore: registered new interface driver hub
[    0.156031] usbcore: registered new device driver usb
[    0.156694] EDAC MC: Ver: 3.0.0
[    0.164071] PCI: Using ACPI for IRQ routing
[    0.164727] NetLabel: Initializing
[    0.165179] NetLabel:  domain hash size = 128
[    0.165701] NetLabel:  protocols = UNLABELED CIPSOv4 CALIPSO
[    0.168013] NetLabel:  unlabeled traffic allowed by default
[    0.172086] clocksource: Switched to clocksource kvm-clock
[    1801 VS:Dik otas dquot_6.6.0
[    0.414829] VFS: Dquot-cache hash table entries: 512 (order 0, 4096 bytes)
[    0.415712] AppArmor: AppArmor Filesystem Enabled
[    0.416309] pnp: PnP ACPI init
[    0.417500] pnp: PnP ACPI: found 3 devices
[    0.425807] clocksource: acpi_pm: mask: 0xffffff max_cycles: 0xffffff, max_idle_ns: 2085701024 ns
[    0.426867] NET: Registered protocol family 2
[    0.427898] TCP established hash table entries: 8192 (order: 4, 65536 bytes)
[    0.428778] TCP bind hash table entries: 8192 (order: 5, 131072 bytes)
[    0.429559] TCP: Hash tables configured (established 8192 bind 8192)
[    0.430303] UDP hash table entries: 512 (order: 2, 16384 bytes)
[    0.430988] UDP-Lite hash table entries: 512 (order: 2, 16384 bytes)
[    0.431759] NET: Registered protocol family 1
[    0.432303] pci 0000:00:00.0: Limiting direct PCI/PCI transfers
[    0.432992] pci 0000:00:01.0: Activating ISA DMA hang workarounds
[    0.433742] pci 0000:00:02.0: Video device with shadowed ROM at [mem 0x000c0000-0x000dffff]
[    0.434823] Unpacking initramfs...
[    0.652595] Freeing initrd memory: 18972K
[    0.696621] platform rtc_cmos: registered platform RTC device (no PNP device found)
[    0.697690] Scanning for low memory corruption every 60 seconds
[    0.699328] Initialise system trusted keyrings
[    0.700011] Key type blacklist registered
[    0.700670] workingset: timestamp_bits=36 max_order=18 bucket_order=0
[    0.702691] zbud: loaded
[    0.703600] squashfs: version 4.0 (2009/01/31) Phillip Lougher
[    0.704647] fuse init (API version 7.26)
[    0.707862] Key type asymmetric registered
[    0.708503] Asymmetric key parser 'x509' registered
[    0.709205] Block layer SCSI generic (bsg) driver version 0.4 loaded (major 246)
[    0.710284] io scheduler noop registered
[    0.710832] io scheduler deadline registered
[    0.711393] io scheduler cfq registered (default)
[    0.712170] ACPI: AC Adapter [AC] (on-line)
[    0.712715] input: Power Button as /devices/LNXSYSTM:00/LNXPWRBN:00/input/input0
[    0.713659] ACPI: Power Button [PWRF]
[    0.714185] input: Sleep Button as /devices/LNXSYSTM:00/LNXSLPBN:00/input/input1
[    0.715058] ACPI: Sleep Button [SLPF]
[    0.715710] Serial: 8250/16550 driver, 32 ports, IRQ sharing enabled
[    0.740136] 00:02: ttyS0 at I/O 0x3f8 (irq = 4, base_baud = 115200) is a 16550A
[    0.743278] Linux agpgart interface v0.103
[    0.744856] loop: module loaded
[    0.745624] scsi host0: ata_piix
[    0.746162] scsi host1: ata_piix
[    0.746605] ata1: PATA max UDMA/33 cmd 0x1f0 ctl 0x3f6 bmdma 0xd000 irq 14
[    0.747384] ata2: PATA max UDMA/33 cmd 0x170 ctl 0x376 bmdma 0xd008 irq 15
[    0.748247] libphy: Fixed MDIO Bus: probed
[    0.756430] tun: Universal TUN/TAP device driver, 1.6
[    0.764238] PPP generic driver version 2.4.2
[    0.804320] ehci_hcd: USB 2.0 'Enhanced' Host Controller (EHCI) Driver
[    0.805085] ehci-pci: EHCI PCI platform driver
[    0.805624] ehci-platform: EHCI generic platform driver
[    0.816529] ohci_hcd: USB 1.1 'Open' Host Controller (OHCI) Driver
[    0.836914] ohci-pci: OHCI PCI platform driver
[    0.837542] ohci-platform: OHCI generic platform driver
[    0.838185] uhci_hcd: USB Universal Host Controller Interface driver
[    0.838986] i8042: PNP: PS/2 Controller [PNP0303:PS2K,PNP0f03:PS2M] at 0x60,0x64 irq 1,12
[    0.840380] serio: i8042 KBD port at 0x60,0x64 irq 1
[    0.841079] serio: i8042 AUX port at 0x60,0x64 irq 12
[    0.841836] mousedev: PS/2 mouse device common for all mice
[    0.842998] input: AT Translated Set 2 keyboard as /devices/platform/i8042/serio0/input/input2
[    0.844247] rtc_cmos rtc_cmos: rtc core: registered rtc_cmos as rtc0
[    0.864630] rtc_cmos rtc_cmos: alarms up to one day, 114 bytes nvram
[    0.896103] i2c /dev entries driver
[    0.911328] device-mapper: uevent: version 1.0.3
[    0.924949] device-mapper: ioctl: 4.37.0-ioctl (2017-09-20) initialised: dm-devel@redhat.com
[    0.930060] ledtrig-cpu: registered to indicate activity on CPUs
[    0.931142] NET: Registered protocol family 10
[    0.934054] Segment Routing with IPv6
[    0.934544] NET: Registered protocol family 17
[    0.935119] Key type dns_resolver registered
[    0.935792] RAS: Correctable Errors collector initialized.
[    0.956256] sched_clock: Marking stable (956240191, 0)->(2154142017, -1197901826)
[    0.957549] registered taskstats version 1
[    0.980538] Loading compiled-in X.509 certificates
[    0.982630] Loaded X.509 cert 'Build time autogenerated kernel key: 197c80222fd2638086c51a9b9e4961ca73d6ea07'
[    1.003873] zswap: loaded using pool lzo/zbud
[    1.006443] Key type big_key registered
[    1.006937] Key type trusted registered
[    1.008406] Key type encrypted registered
[    1.017741] AppArmor: AppArmor sha1 policy hashing enabled
[    1.036872] ima: No TPM chip found, activating TPM-bypass! (rc=-19)
[    1.037588] ima: Allocated hash algorithm: sha1
[    1.038156] evm: HMAC attrs: 0x1
[    1.038710]   Magic number: 2:455:568
[    1.039282] rtc_cmos rtc_cmos: setting system clock to 2018-09-25 05:35:39 UTC (1537853739)
[    1.040404] BIOS EDD facility v0.16 2004-Jun-25, 0 devices found
[    1.053005] EDD information not available.
[    1.064218] Freeing unused kernel memory: 2408K
[    1.081005] Write protecting the kernel read-only data: 20480k
[    1.394079] Freeing unused kernel memory: 2008K
[    2.187660] tsc: Refined TSC clocksource calibration: 3499.074 MHz
[    3.423114] clocksource: tsc: mask: 0xffffffffffffffff max_cycles: 0x326fe62876d, max_idle_ns: 440795293323 ns
[    3.426873] Freeing unused kernel memory: 1900K
[    3.431426] x86/mm: Checked W+X mappings: passed, no W+X pages found.
[    3.432653] x86/mm: Checking user space page tables
[    3.437331] x86/mm: Checked W+X mappings: passed, no W+X pages found.
Loading, please wait...
starting version 237
[    3.483204] e1000: Intel(R) PRO/1000 Network Driver - version 7.3.21-k8-NAPI
[    3.492760] e1000: Copyright (c) 1999-2006 Intel Corporation.
[    3.495052] Fusion MPT base driver 3.04.20
[    3.495567] Copyright (c) 1999-2008 LSI Corporation
[    3.504469] AVX2 version of gcm_enc/dec engaged.
[    3.505066] AES CTR mode by8 optimization enabled
[    3.506142] Fusion MPT SPI Host driver 3.04.20
[    3.515098] mptbase: ioc0: Initiating bringup
[    3.630100] ioc0: LSI53C1030 A0: Capabilities={Initiator}
[    3.727643] input: ImExPS/2 Generic Explorer Mouse as /devices/platform/i8042/serio1/input/input4
[    4.145827] scsi host2: ioc0: LSI53C1030 A0, FwRev=00000000h, Ports=1, MaxQ=256, IRQ=20
[    4.570334] scsi 2:0:0:0: Direct-Access     VBOX     HARDDISK         1.0  PQ: 0 ANSI: 5
[    4.673036] scsi target2:0:0: Beginning Domain Validation
[    4.781689] scsi target2:0:0: Domain Validation skipping write tests
[    4.832579] scsi target2:0:0: Ending Domain Validation
[    4.839634] scsi target2:0:0: asynchronous
[    4.840675] scsi 2:0:1:0: Direct-Access     VBOX     HARDDISK         1.0  PQ: 0 ANSI: 5
[    5.051143] scsi target2:0:1: Beginning Domain Validation
[    5.052375] random: fast init done
[    5.053060] scsi target2:0:1: Domain Validation skipping write tests
[    5.053888] scsi target2:0:1: Ending Domain Validation
[    5.054617] scsi target2:0:1: asynchronous
[    5.058863] random: systemd-udevd: uninitialized urandom read (16 bytes read)
[    5.059037] sd 2:0:0:0: [sda] 20971520 512-byte logical blocks: (10.7 GB/10.0 GiB)
[    5.059061] sd 2:0:0:0: [sda] Write Protect is off
[    5.059111] sd 2:0:0:0: [sda] Incomplete mode parameter data
[    5.059112] sd 2:0:0:0: [sda] Assuming drive cache: write through
[    5.090044] sd 2:0:0:0: Attached scsi generic sg0 type 0
[    5.090539] sd 2:0:1:0: Attached scsi generic sg1 type 0
[    5.092694]  sda: sda1
[    5.092889] sd 2:0:1:0: [sdb] 20480 512-byte logical blocks: (10.5 MB/10.0 MiB)
[    5.092969] sd 2:0:1:0: [sdb] Write Protect is off
[    5.093078] sd 2:0:1:0: [sdb] Incomplete mode parameter data
[    5.093079] sd 2:0:1:0: [sdb] Assuming drive cache: write through
[    5.093164] sd 2:0:0:0: [sda] Attached SCSI disk
[    5.093571] e1000 0000:00:03.0 eth0: (PCI:33MHz:32-bit) 02:2d:fd:81:e7:47
[    5.093573] e1000 0000:00:03.0 eth0: Intel(R) PRO/1000 Network Connection
[    5.106859] sd 2:0:1:0: [sdb] Attached SCSI disk
[    5.123713] random: systemd-udevd: uninitialized urandom read (16 bytes read)
[    5.144321] random: systemd-udevd: uninitialized urandom read (16 bytes read)
[    5.146918] e1000 0000:00:03.0 enp0s3: renamed from eth0
Begin: Loading essential drivers ... [    6.520099] raid6: sse2x1   gen() 10065 MB/s
[    6.569327] raid6: sse2x1   xor()  8737 MB/s
[    6.616154] raid6: sse2x2   gen() 14594 MB/s
[    6.696083] raid6: sse2x2   xor()  8092 MB/s
[    6.744011] raid6: sse2x4   gen() 16859 MB/s
[    6.792696] raid6: sse2x4   xor() 10831 MB/s
[    6.860010] raid6: avx2x1   gen() 23281 MB/s
[    6.920468] raid6: avx2x1   xor() 14307 MB/s
[    6.968281] raid6: avx2x2   gen() 27806 MB/s
[    7.016052] raid6: avx2x2   xor() 16741 MB/s
[    7.084321] raid6: avx2x4   gen() 31204 MB/s
[    7.132125] raid6: avx2x4   xor() 17060 MB/s
[    7.132669] raid6: using algorithm avx2x4 gen() 31204 MB/s
[    7.133327] raid6: .... xor() 17060 MB/s, rmw enabled
[    7.133915] raid6: using avx2x2 recovery algorithm
[    7.137465] xor: automatically using best checksumming function   avx       
[    7.139288] async_tx: api initialized (async)
done.
Begin: Running /scripts/init-p[    7.174008] Btrfs loaded, crc32c=crc32c-intel
remount ... done.
Begin: Mounting root file system ... Begin: Running /scripts/local-top ... done.
Begin: Running /scripts/local-premount ... Scanning for Btrfs filesystems
done.
Warning: fsck no[    7.207237] EXT4-fs (sda1): mounted filesystem with ordered data mode. Opts: (null)
t present, so skipping root file system
done.
Begin: Running /scripts/local-bottom ... done.
Begin: Running /scripts/init-bottom ... done.
[    7.417276] ip_tables: (C) 2000-2006 Netfilter Core Team
[    7.426009] systemd[1]: systemd 237 running in system mode. (+PAM +AUDIT +SELINUX +IMA +APPARMOR +SMACK +SYSVINIT +UTMP +LIBCRYPTSETUP +GCRYPT +GNUTLS +ACL +XZ +LZ4 +SECCOMP +BLKID +ELFUTILS +KMOD -IDN2 +IDN -PCRE2 default-hierarchy=hybrid)
[    7.428468] systemd[1]: Detected virtualization oracle.
[    7.429137] systemd[1]: Detected architecture x86-64.

Welcome to [1mUbuntu 18.04.1 LTS[0m!

[    7.433781] systemd[1]: Set hostname to <ubuntu>.
[    7.436827] systemd[1]: Initializing machine ID from random generator.
[    7.437635] systemd[1]: Installed transient /etc/machine-id file.
[    7.614934] systemd[1]: Reached target User and Group Name Lookups.
[[0;32m  OK  [0m] Reached target User and Group Name Lookups.
[    7.617600] systemd[1]: Created slice User and Session Slice.
[[0;32m  OK  [0m] Created slice User and Session Slice.
[    7.619107] systemd[1]: Started Forward Password Requests to Wall Directory Watch.
[[0;32m  OK  [0m] Started Forward Password Requests to Wall Directory Watch.
[    7.632739] systemd[1]: Reached target System Time Synchronized.
[[0;32m  OK  [0m] Reached target System Time Synchronized.
[[0;32m  OK  [0m] Created slice System Slice.
[[0;32m  OK  [0m] Listening on Device-mapper event daemon FIFOs.
[[0;32m  OK  [0m] Listening on Journal Socket.
         Mounting Kernel Debug File System...
[[0;32m  OK  [0m] Listening on Syslog Socket.
         Mounting POSIX Message Queue File System...
[[0;32m  OK  [0m] Listening on Journal Socket (/dev/log).
[[0;32m  OK  [0m] Listening on /dev/initctl Compatibility Named Pipe.
[[0;32m  OK  [0m] Listening on LVM2 poll daemon socket.
[[0;32m  OK  [0m] Created slice system-serial\x2dgetty.slice.
         Starting Load Kernel Modules...
[[0;32m  OK  [0m] Listening on udev Control Socket.
         Starting Remount Root and Kernel[    7.749121] Loading iSCSI transport class v2.0-870.
 File Systems...
         Mounting Huge Pages File System...
[[0;32m  OK  [0m] Listening on LVM2 metadata daemon socket.
[    7.777556] iscsi: registered transport (tcp)
[    8.486474] EXT4-fs (sda1): re-mounted. Opts: (null)
[[0;32m  OK  [0m] Listening on Network Service [    8.502328] iscsi: registered transport (iser)
Netlink Socket.
[[0;32m  OK  [0m] Reached target Swap.
         Starting Set the console keyboard layout...
         Starting Uncomplicated firewall...
[[0;32m  OK  [0m] Reached target Slices.
         Starting Monitoring of LVM2 mirrors…ng dmeventd or progress polling...
[[0;32m  OK  [0m] Listening on udev Kernel Socket.
         Starting udev Coldplug all Devices...
[[0;32m  OK  [0m] Listening on Journal Audit Socket.
         Starting Journal Service...
[[0;32m  OK  [0m] Set up automount Arbitrary Executab…rmats File System Automount Point.
         Starting Create list of required st…ce nodes for the current kernel...
[[0;32m  OK  [0m] Mounted Kernel Debug File System.
[[0;32m  OK  [0m] Mounted POSIX Message Queue File System.
[[0;32m  OK  [0m] Started Load Kernel Modules.
[[0;32m  OK  [0m] Started Remount Root and Kernel File Systems.
[[0;32m  OK  [0m] Mounted Huge Pages File System.
[[0;32m  OK  [0m] Started Uncomplicated firewall.
[[0;32m  OK  [0m] Started Journal Service.
[[0;32m  OK  [0m] Started Create list of required sta…vice nodes for the current kernel.
[[0;32m  OK  [0m] Started LVM2 metadata daemon.
         Starting Create Static Device Nodes in /dev...
         Starting Load/Save Random Seed...
         Starting Initial cloud-init job (pre-networking)...
         Starting Flush Journal to Persistent Storage...
         Starting Apply Kernel Variables...
         Mounting FUSE Control File System...
         Mounting Kernel Configuration File System...
[[0;32m  OK  [0m] Started Set the console keyboard layout.
[[0;32m  OK  [0m] Started Monitoring of LVM2 mirrors,…sing dmeventd or progress polling.
[[0;32m  OK  [0m] Started udev Coldplug all Devices.
[[0;32m  OK  [0m] Started Create Static Device Nodes in /dev.
[[0;32m  OK  [0m] Started Load/Save Random Seed.
[[0;32m  OK  [0m] Mounted FUSE Control File System.
[[0;32m  OK  [0m] Mounted Kernel Configuration File System.
         Starting udev Kernel Device Manager...
[[0;32m  OK  [0m] Reached target Local File Systems (Pre).
[[0;32m  OK  [0m] Reached target Local File Systems.
         Starting ebtables ruleset management...
         Starting Tell Plymouth To Write Out Runtime Data...
         Starting AppArmor initialization...
         Starting Commit a transient machine-id on disk...
         Starting Set console font and keymap...
[[0;32m  OK  [0m] Started udev Kernel Device Manager.
[[0;32m  OK  [0m] Started Dispatch Password Requests to Console Directory Watch.
[[0;32m  OK  [0m] Reached target Local Encrypted Volumes.
[[0;32m  OK  [0m] Started Apply Kernel Variables.
[[0;32m  OK  [0m] Started Tell Plymouth To Write Out Runtime Data.
[[0;32m  OK  [0m] Started Set console font and keymap.
[[0;32m  OK  [0m] Started Flush Journal to Persistent Storage.
         Starting Create Volatile Files and Directories...
[[0;32m  OK  [0m] Started Commit a transient machine-id on disk.
[[0;32m  OK  [0m] Started ebtables ruleset management.
[[0;32m  OK  [0m] Started Create Volatile Files and Directories.
         Starting Update UTMP about System Boot/Shutdown...
[[0;32m  OK  [0m] Started Update UTMP about System Boot/Shutdown.
[[0;32m  OK  [0m] Found device /dev/ttyS0.
[[0;32m  OK  [0m] Listening on Load/Save RF Kill Switch Status /dev/rfkill Watch.
[[0;32m  OK  [0m] Started AppArmor initialization.
[   10.113884] cloud-init[414]: Cloud-init v. 18.3-9-g2e62cb8a-0ubuntu1~18.04.2 running 'init-local' at Tue, 25 Sep 2018 05:35:48 +0000. Up 9.81 seconds.
[[0;32m  OK  [0m] Started Initial cloud-init job (pre-networking).
[[0;32m  OK  [0m] Reached target Network (Pre).
         Starting Network Service...
[[0;32m  OK  [0m] Started Network Service.
         Starting Network Name Resolution...
         Starting Wait for Network to be Configured...
[[0;32m  OK  [0m] Started Network Name Resolution.
[[0;32m  OK  [0m] Reached target Network.
[[0;32m  OK  [0m] Reached target Host and Network Name Lookups.
[[0;32m  OK  [0m] Started Wait for Network to be Configured.
         Starting Initial cloud-init job (metadata service crawler)...
[   12.681935] cloud-init[623]: Cloud-init v. 18.3-9-g2e62cb8a-0ubuntu1~18.04.2 running 'init' at Tue, 25 Sep 2018 05:35:50 +0000. Up 11.68 seconds.
[   12.697341] cloud-init[623]: ci-info: ++++++++++++++++++++++++++++++++++++++Net device info++++++++++++++++++++++++++++++++++++++
[   12.698976] cloud-init[623]: ci-info: +--------+------+----------------------------+---------------+--------+-------------------+
[   12.702254] cloud-init[623]: ci-info: | Device |  Up  |          Address           |      Mask     | Scope  |     Hw-Address    |
[   12.709077] cloud-init[623]: ci-info: +--------+------+----------------------------+---------------+--------+-------------------+
[   12.724455] cloud-init[623]: ci-info: | enp0s3 | True |         10.0.2.15          | 255.255.255.0 | global | 02:2d:fd:81:e7:47 |
[   12.729865] cloud-init[623]: ci-info: | enp0s3 | True | fe80::2d:fdff:fe81:e747/64 |       .       |  link  | 02:2d:fd:81:e7:47 |
[   12.731302] cloud-init[623]: ci-info: |   lo   | True |         127.0.0.1          |   255.0.0.0   |  host  |         .         |
[   12.738518] cloud-init[623]: ci-info: |   lo   | True |          ::1/128           |       .       |  host  |         .         |
[   12.739575] cloud-init[623]: ci-info: +--------+------+----------------------------+---------------+--------+-------------------+
[   12.740662] cloud-init[623]: ci-info: ++++++++++++++++++++++++++++Route IPv4 info+++++++++++++++++++++++++++++
[   12.741579] cloud-init[623]: ci-info: +-------+-------------+----------+-----------------+-----------+-------+
[   12.742503] cloud-init[623]: ci-info: | Route | Destination | Gateway  |     Genmask     | Interface | Flags |
[   12.743399] cloud-init[623]: ci-info: +-------+-------------+----------+-----------------+-----------+-------+
[   12.744500] cloud-init[623]: ci-info: |   0   |   0.0.0.0   | 10.0.2.2 |     0.0.0.0     |   enp0s3  |   UG  |
[[0;32m  OK  [0m] Started Initial cloud-init job (metadata service crawler).
[[0;32m  OK  [0m] Reached target Cloud-config availability.
[[0;32m  OK  [0m] Reached target Network is Online.
         Starting iSCSI initiator daemon (iscsid)...
[[0;32m  OK  [0m] Reached target System Initialization.
[[0;32m  OK  [0m] Listening on D-Bus System Message Bus Socket.
[[0;32m  OK  [0m] Started Daily apt download activities.
[[0;32m  OK  [0m] Listening on ACPID Listen Socket.
[[0;32m  OK  [0m] Started Daily apt upgrade and clean activities.
[[0;32m  OK  [0m] Started Message of the Day.
[   12.762735] cloud-init[623]: ci-info: |   1   |   10.0.2.0  | 0.0.0.0  |  255.255.255.0  |   enp0s3  |   U   |
[[   12.944714] cloud-init[623]: ci-info: |   2   |   10.0.2.2  | 0.0.0.0  | 255.255.255.255 |   enp0s3  |   UH  |
[   12.944815] cloud-init[623]: ci-info: +-------+-------------+----------+-----------------+-----------+-------+
[   12.945488] cloud-init[623]: ci-info: +++++++++++++++++++Route IPv6 info+++++++++++++++++++
[   12.945578] cloud-init[623]: ci-info: +-------+-------------+---------+-----------+-------+
[   12.945658] cloud-init[623]: ci-info: | Route | Destination | Gateway | Interface | Flags |
[   12.945726] cloud-init[623]: ci-info: +-------+-------------+---------+-----------+-------+
[   12.945792] cloud-init[623]: ci-info: |   1   |  fe80::/64  |    ::   |   enp0s3  |   U   |
[   12.946253] cloud-init[623]: ci-info: |   3   |    local    |    ::   |   enp0s3  |   U   |
[   12.946302] cloud-init[623]: ci-info: |   4   |   ff00::/8  |    ::   |   enp0s3  |   U   |
[   12.946333] cloud-init[623]: ci-info: +-------+-------------+---------+-----------+-------+
[   12.946357] cloud-init[623]: Generating public/private rsa key pair.
[   12.946401] cloud-init[623]: Your identification has been saved in /etc/ssh/ssh_host_rsa_key.
[   12.946428] cloud-init[623]: Your public key has been saved in /etc/ssh/ssh_host_rsa_key.pub.
[   12.946451] cloud-init[623]: The key fingerprint is:
[   12.946480] cloud-init[623]: SHA256:c63ZPsA7Nvxnzz6yfi5VpRpJqcWBqGiM90sZVFoTqeo root@ubuntu-bionic
[   12.946506] cloud-init[623]: The key's randomart image is:
[   12.946597] cloud-init[623]: +---[RSA 2048]----+
[   12.946625] cloud-init[623]: |       .=+ o.o   |
[   12.946775] cloud-init[623]: |      .oo.. =   .|
[   12.946961] cloud-init[623]: |   o o.o   + . ..|
[   12.946985] cloud-init[623]: |  . = +   ..o . .|
[   12.947013] cloud-init[623]: |   o o oS.. .o  .|
[   12.947038] cloud-init[623]: |    . +  oo+.  . |
[   12.947062] cloud-init[623]: |   . . . .oo. .  |
[   12.947089] cloud-init[623]: |    E .   *..oo+ |
[   12.947114] cloud-init[623]: |         . ++**+=|
[   12.947139] cloud-init[623]: +----[SHA256]-----+
[   12.947185] cloud-init[623]: Generating public/private dsa key pair.
[   12.947210] cloud-init[623]: Your identification has been saved in /etc/ssh/ssh_host_dsa_key.
[   12.947258] cloud-init[623]: Your public key has been saved in /etc/ssh/ssh_host_dsa_key.pub.
[   12.947282] cloud-init[623]: The key fingerprint is:
[   12.947304] cloud-init[623]: SHA256:7gwXqCNMXAcK7Oi1O8IcQ/XbsYPxp4sBNkpyxk491c4 root@ubuntu-bionic
[   12.947329] cloud-init[623]: The key's randomart image is:
[   12.947352] cloud-init[623]: +---[DSA 1024]----+
[   12.947378] cloud-init[623]: |o   .            |
[   12.947402] cloud-init[623]: | o o . .         |
[   12.947427] cloud-init[623]: |o o o o .        |
[   12.947453] cloud-init[623]: |.= + = =         |
[   12.947477] cloud-init[623]: |+.O++ B E        |
[   12.947500] cloud-init[623]: |o@o.o= * o       |
[   12.947525] cloud-init[623]: |o.* +.. *        |
[   12.947572] cloud-init[623]: | + + .o*         |
[   12.947619] cloud-init[623]: |  . .. .+        |
[   12.947643] cloud-init[623]: +----[SHA256]-----+
[   12.947666] cloud-init[623]: Generating public/private ecdsa key pair.
[   12.947691] cloud-init[623]: Your identification has been saved in /etc/ssh/ssh_host_ecdsa_key.
[   12.947726] cloud-init[623]: Your public key has been saved in /etc/ssh/ssh_host_ecdsa_key.pub.
[   12.947762] cloud-init[623]: The key fingerprint is:
[   12.947790] cloud-init[623]: SHA256:+z2YxPl1Kml11U0CV51mStKJiF9VZ/ZCA5OG+TexdTY root@ubuntu-bionic
[   12.947816] cloud-init[623]: The key's randomart image is:
[   12.947840] cloud-init[623]: +---[ECDSA 256]---+
[   12.947864] cloud-init[623]: |        . .oB=*oB|
[   12.947889] cloud-init[623]: |       . .o+oBoEO|
[   12.947914] cloud-init[623]: |        . .oo =B*|
[   12.947939] cloud-init[623]: |         .  ..+.+|
[   12.947967] cloud-init[623]: |        S. . . ..|
[   12.947990] cloud-init[623]: |         .+   o o|
[   12.948012] cloud-init[623]: |        .. + + + |
[   12.948035] cloud-init[623]: |         .o.* .  |
[   12.948057] cloud-init[623]: |          ...o   |
[   12.948080] cloud-init[0;32m  OK  [0m] Started ACPI Events Check.
[[0;32m  OK  [0m] Started Discard unused blocks once a week.
         Starting Socket activation for snappy daemon.
[[0;32m  OK  [0m] Started Daily Cleanup of Temporary Directories.
[[0;32m  OK  [0m] Reached target Timers.
[[0;32m  OK  [0m] Listening on UUID daemon activation socket.
[[0;32m  OK  [0m] Reached target Paths.
[623]: +----[SHA256]-----+
         Starting LXD - unix socket.
[   13.486973] cloud-init[623]: Generating public/private ed25519 key pair.
[[0;32m  OK  [0m] Listening on Socket activation for snappy daemon.
[[0;32m  OK  [0m] Listening on LXD - unix socket.
[[0;32m  OK  [0m] Started iSCSI initiator daemon (iscsid).
[[0;32m  OK  [0m] Reached target Remote File Systems (Pre).
[[0;32m  OK  [0m] Reached target Remote File Systems.
[   13.547996] cloud-init[623]: Your identification has been saved in /etc/ssh/ssh_host_ed25519_key.
         Starting Availability of block devices...
[   13.698257] [[0;32m  OK  [0m] Reached target Sockets.
[[0;32m  OK  [0m] Reached target Basic System.
         Starting LXD - container startup/shutdown...
cloud-init         Starting Virtualbox guest utils...
         Starting LSB: Record successful boot for GRUB...
[[0;32m  OK  [0m] Started Deferred execution scheduler.
         Starting LSB: automatic crash report generation...
[[0;32m  OK  [0m] Started Unattended Upgrades Shutdown.
[623]: Your public key has been saved in /etc/ssh/ssh_host_ed25519_key.pub.
[   13.733695] cloud-init[623]: The key fingerprint is:
[   13.734911] cloud-init[623]: SHA256:wnI2zFU2HRTKTvZXs52NDHqJoTJj8pBTjAeApKF+IDQ root@ubuntu-bionic
[   13.736414] cloud-init[623]: The key's randomart image is:
         Starting Dispatcher daemon for systemd-networkd...
[   13.744011] cloud-init[623]: +--[ED25519 256]--+
[   13.745607] cloud-init[623]:          |oE...     +o+o   |Starting Login Service...

[   13.751692] cloud-init[623]: |=..  +   + o.    |
[   13.756383] cloud-init[623]: |+.  . + . * .  ..|
[   13.758043] cloud-init[623]: |o .  B . = = + o*|
[   13.759424] cloud-init[623]: | . .* & S + + +oo|
[   13.761926] cloud-init[623]: |  .  X *   . .   |
[   13.785804] cloud-init[623]: |      .          |
[   13.787848] cloud-init[623]: |                 |
[   13.790006] cloud-init[623]: |                 |
[[0;32m  OK  [0m] Started Regular background program processing daemon.
[   13.805135] cloud-init[623]: +----[SHA256]-----+
         Starting Permit User Sessions...
         Starting Pollinate to seed the pseudo random number generator...
[[0;32m  OK  [0m] Started D-Bus System Message Bus.
[[0;32m  OK  [0m] Started Login Service.
[[0;32m  OK  [0m] Started irqbalance daemon.
         Starting Accounts Service...
         Starting Snappy daemon...
[[0;32m  OK  [0m] Started FUSE filesystem for LXC.
         Starting System Logging Service...
[[0;32m  OK  [0m] Started Dispatcher daemon for systemd-networkd.
[[0;32m  OK  [0m] Started Availability of block devices.
[[0;32m  OK  [0m] Started LXD - container startup/shutdown.
[[0;32m  OK  [0m] Started Permit User Sessions.
         Starting Terminate Plymouth Boot Screen...
         Starting Hold until boot process finishes up...
[[0;32m  OK  [0m] Started Hold until boot process finishes up.
[[0;32m  OK  [0m] Started Terminate Plymouth Boot Screen.
         Starting Set console scheme...
[[0;32m  OK  [0m] Started Serial Getty on ttyS0.
[[0;32m  OK  [0m] Started System Logging Service.
[[0;32m  OK  [0m] Started LSB: automatic crash report generation.
[[0;32m  OK  [0m] Started Set console scheme.
         Starting Authorization Manager...
[[0;32m  OK  [0m] Created slice system-getty.slice.
[[0;32m  OK  [0m] Started Getty on tty1.
[[0;32m  OK  [0m] Reached target Login Prompts.
[[0;32m  OK  [0m] Started Authorization Manager.
[[0;32m  OK  [0m] Started Accounts Service.
[[0;32m  OK  [0m] Started LSB: Record successful boot for GRUB.
[[0;32m  OK  [0m] Started Virtualbox guest utils.
[[0;32m  OK  [0m] Started Snappy daemon.
         Starting Wait until snapd is fully seeded...
[[0;32m  OK  [0m] Started Pollinate to seed the pseudo random number generator.
         Starting OpenBSD Secure Shell server...
[[0;32m  OK  [0m] Started OpenBSD Secure Shell server.
[[0;32m  OK  [0m] Created slice User Slice of vagrant.
         Starting User Manager for UID 1000...
[[0;32m  OK  [0m] Started Session 1 of user vagrant.
[[0;32m  OK  [0m] Started User Manager for UID 1000.
[[0;32m  OK  [0m] Started Wait until snapd is fully seeded.
         Starting Apply the settings specified in cloud-config...
[[0;32m  OK  [0m] Reached target Multi-User System.
[[0;32m  OK  [0m] Reached target Graphical Interface.
         Starting Update UTMP about System Runlevel Changes...
[[0;32m  OK  [0m] Started Update UTMP about System Runlevel Changes.
[   18.179711] cloud-init[1342]: Cloud-init v. 18.3-9-g2e62cb8a-0ubuntu1~18.04.2 running 'modules:config' at Tue, 25 Sep 2018 05:35:56 +0000. Up 17.84 seconds.
[[0;32m  OK  [0m] Started Apply the settings specified in cloud-config.
         Starting Execute cloud user/final scripts...
ci-info: no authorized ssh keys fingerprints found for user ubuntu.
<14>Sep 25 05:35:57 ec2: 
<14>Sep 25 05:35:57 ec2: #############################################################
<14>Sep 25 05:35:57 ec2: -----BEGIN SSH HOST KEY FINGERPRINTS-----
<14>Sep 25 05:35:57 ec2: 1024 SHA256:7gwXqCNMXAcK7Oi1O8IcQ/XbsYPxp4sBNkpyxk491c4 root@ubuntu-bionic (DSA)
<14>Sep 25 05:35:57 ec2: 256 SHA256:+z2YxPl1Kml11U0CV51mStKJiF9VZ/ZCA5OG+TexdTY root@ubuntu-bionic (ECDSA)
<14>Sep 25 05:35:57 ec2: 256 SHA256:wnI2zFU2HRTKTvZXs52NDHqJoTJj8pBTjAeApKF+IDQ root@ubuntu-bionic (ED25519)
<14>Sep 25 05:35:57 ec2: 2048 SHA256:c63ZPsA7Nvxnzz6yfi5VpRpJqcWBqGiM90sZVFoTqeo root@ubuntu-bionic (RSA)
<14>Sep 25 05:35:57 ec2: -----END SSH HOST KEY FINGERPRINTS-----
<14>Sep 25 05:35:57 ec2: #############################################################
-----BEGIN SSH HOST KEY KEYS-----
ecdsa-sha2-nistp256 AAAAE2VjZHNhLXNoYTItbmlzdHAyNTYAAAAIbmlzdHAyNTYAAABBBFNTaK5A/8NMSUtcRS7u1EF7G3koN1ijdPU4dqqFaxC+uv8iVqB/2m07alTMDprN+OPkNc0IPIolgWfxhVAqEH4= root@ubuntu-bionic
ssh-ed25519 AAAAC3NzaC1lZDI1NTE5AAAAIOnqCrVxlmfaPqKJosE8G3xTUbmDf5fGSuiGh6G46Kqd root@ubuntu-bionic
ssh-rsa AAAAB3NzaC1yc2EAAAADAQABAAABAQDlADbZvrriI7PPMbpMkZzIKOHiDLEIzWvpdJ+nZmLJfGM2xEK2hbvIS/vRz+uGQcmuIu3QbtWW4JNxvworIRomJGyjpYjWI6VD62GEt0f/sf/F8kPWwlYmeTmEnLc0QkWZPq4EXNvn/jJYalOf5y++F9isn1pPAvRAKceQdJ7BhBAlR2OQ+2QuqozYCREmGditQ8PEiddIL/GrByK778LzTJe5VsRDOh0kZU7s5XwGPpKrECLQcwEzF0VTiEvVdUvjfw5/tNdKonfV+m6dWz0G0QVLJzVH3B0U06cx2+IlDx6SWadKy8NiXg/7n8+fN34SeFOoHaHj6bai1WzLUHZd root@ubuntu-bionic
-----END SSH HOST KEY KEYS-----
[   18.766692] cloud-init[1444]: Cloud-init v. 18.3-9-g2e62cb8a-0ubuntu1~18.04.2 running 'modules:final' at Tue, 25 Sep 2018 05:35:56 +0000. Up 18.50 seconds.
[   18.768072] cloud-init[1444]: ci-info: no authorized ssh keys fingerprints found for user ubuntu.
[   18.768937] cloud-init[1444]: Cloud-init v. 18.3-9-g2e62cb8a-0ubuntu1~18.04.2 finished at Tue, 25 Sep 2018 05:35:57 +0000. Datasource DataSourceNoCloud [seed=/dev/sdb][dsmode=net].  Up 18.76 seconds
[[0;32m  OK  [0m] Started Execute cloud user/final scripts.
[[0;32m  OK  [0m] Reached target Cloud-init target.

Ubuntu 18.04.1 LTS ubuntu-bionic ttyS0

ubuntu-bionic login: 